Traceback (most recent call last):
  File "/opt/rocm-6.2.1/libexec/rocprofiler/tblextr.py", line 1129, in <module>
Traceback (most recent call last):
  File "/opt/rocm-6.2.1/libexec/rocprofiler/tblextr.py", line 1129, in <module>
    hip_trace_found = fill_api_db("HIP", db, indir, "hip", HIP_PID, OPS_PID, [], {}, 1)
  File "/opt/rocm-6.2.1/libexec/rocprofiler/tblextr.py", line 516, in fill_api_db
    hip_trace_found = fill_api_db("HIP", db, indir, "hip", HIP_PID, OPS_PID, [], {}, 1)
  File "/opt/rocm-6.2.1/libexec/rocprofiler/tblextr.py", line 516, in fill_api_db
    table_handle = db.add_table(table_name, api_table_descr)
  File "/opt/rocm-6.2.1/libexec/rocprofiler/sqlitedb.py", line 52, in add_table
    cursor.execute(stm)
    table_handle = db.add_table(table_name, api_table_descr)
  File "/opt/rocm-6.2.1/libexec/rocprofiler/sqlitedb.py", line 52, in add_table
    cursor.execute(stm)
sqlite3.OperationalError: table HIP already exists
sqlite3.OperationalError: table HIP already exists
Traceback (most recent call last):
  File "/opt/rocm-6.2.1/libexec/rocprofiler/tblextr.py", line 1129, in <module>
    hip_trace_found = fill_api_db("HIP", db, indir, "hip", HIP_PID, OPS_PID, [], {}, 1)
  File "/opt/rocm-6.2.1/libexec/rocprofiler/tblextr.py", line 516, in fill_api_db
    table_handle = db.add_table(table_name, api_table_descr)
  File "/opt/rocm-6.2.1/libexec/rocprofiler/sqlitedb.py", line 52, in add_table
    cursor.execute(stm)
sqlite3.OperationalError: table HIP already exists
Traceback (most recent call last):
  File "/opt/rocm-6.2.1/libexec/rocprofiler/tblextr.py", line 1129, in <module>
    hip_trace_found = fill_api_db("HIP", db, indir, "hip", HIP_PID, OPS_PID, [], {}, 1)
  File "/opt/rocm-6.2.1/libexec/rocprofiler/tblextr.py", line 516, in fill_api_db
    table_handle = db.add_table(table_name, api_table_descr)
  File "/opt/rocm-6.2.1/libexec/rocprofiler/sqlitedb.py", line 52, in add_table
    cursor.execute(stm)
sqlite3.OperationalError: table HIP already exists
Traceback (most recent call last):
  File "/opt/rocm-6.2.1/libexec/rocprofiler/tblextr.py", line 1129, in <module>
    hip_trace_found = fill_api_db("HIP", db, indir, "hip", HIP_PID, OPS_PID, [], {}, 1)
  File "/opt/rocm-6.2.1/libexec/rocprofiler/tblextr.py", line 516, in fill_api_db
    table_handle = db.add_table(table_name, api_table_descr)
  File "/opt/rocm-6.2.1/libexec/rocprofiler/sqlitedb.py", line 52, in add_table
    cursor.execute(stm)
sqlite3.OperationalError: table HIP already exists
Traceback (most recent call last):
  File "/opt/rocm-6.2.1/libexec/rocprofiler/tblextr.py", line 1129, in <module>
    hip_trace_found = fill_api_db("HIP", db, indir, "hip", HIP_PID, OPS_PID, [], {}, 1)
  File "/opt/rocm-6.2.1/libexec/rocprofiler/tblextr.py", line 516, in fill_api_db
    table_handle = db.add_table(table_name, api_table_descr)
  File "/opt/rocm-6.2.1/libexec/rocprofiler/sqlitedb.py", line 52, in add_table
    cursor.execute(stm)
sqlite3.OperationalError: table HIP already exists
srun: error: t008-005: tasks 0,2-4,6-7: Exited with exit code 1
Traceback (most recent call last):
  File "/opt/rocm-6.2.1/libexec/rocprofiler/tblextr.py", line 1130, in <module>
    ops_filtr = fill_ops_db("OPS", "COPY", db, indir)
  File "/opt/rocm-6.2.1/libexec/rocprofiler/tblextr.py", line 929, in fill_ops_db
    kernel_table_handle = db.add_table(kernel_table_name, ops_table_descr)
  File "/opt/rocm-6.2.1/libexec/rocprofiler/sqlitedb.py", line 52, in add_table
    cursor.execute(stm)
sqlite3.OperationalError: table OPS already exists
srun: error: t008-005: task 1: Exited with exit code 1
