Computation took 5678.94 seconds.
Converged in 20000 iterations.
L2 norm of the error: 0.332722
All Steps completed.

----------------------------------------------------------------------
Omnistat Report Card for Job # 106506
----------------------------------------------------------------------

Job Overview (Num Nodes = 1, Machine = HPC Fund)
 --> Start time = 2024-12-06 02:58:00
 --> End   time = 2024-12-06 04:33:00

GPU Statistics:

           | Utilization (%)  |  Memory Use (%)  | Temperature (C)  |    Power (W)     |
     GPU # |    Max     Mean  |    Max     Mean  |    Max     Mean  |    Max     Mean  |
    ------------------------------------------------------------------------------------
         0 |  100.00   14.51  |    9.67    9.67  |   49.00   47.59  |   64.00   61.94  |
         1 |  100.00   13.23  |    9.67    9.67  |   48.00   47.48  |   62.00   60.37  |
         2 |  100.00   13.23  |    9.67    9.67  |   43.00   42.09  |   66.00   64.48  |
         3 |  100.00   13.51  |    9.67    9.67  |   45.00   44.05  |   67.00   65.98  |

Approximate Total GPU Energy Consumed = 0.40 kWh

--
Query interval = 30 secs
Query execution time = 0.3 secs
Version = 1.0.0
