RPL: on '241207_202945' from '/opt/rocm-6.2.1' in '/home1/bustudent23/APMA2822B/3dPoissonSolver/mpi_gpu_2kernel'
RPL: on '241207_202945' from '/opt/rocm-6.2.1' in '/home1/bustudent23/APMA2822B/3dPoissonSolver/mpi_gpu_2kernel'
RPL: on '241207_202945' from '/opt/rocm-6.2.1' in '/home1/bustudent23/APMA2822B/3dPoissonSolver/mpi_gpu_2kernel'
RPL: on '241207_202945' from '/opt/rocm-6.2.1' in '/home1/bustudent23/APMA2822B/3dPoissonSolver/mpi_gpu_2kernel'
RPL: on '241207_202945' from '/opt/rocm-6.2.1' in '/home1/bustudent23/APMA2822B/3dPoissonSolver/mpi_gpu_2kernel'
RPL: on '241207_202945' from '/opt/rocm-6.2.1' in '/home1/bustudent23/APMA2822B/3dPoissonSolver/mpi_gpu_2kernel'
RPL: on '241207_202945' from '/opt/rocm-6.2.1' in '/home1/bustudent23/APMA2822B/3dPoissonSolver/mpi_gpu_2kernel'
RPL: on '241207_202945' from '/opt/rocm-6.2.1' in '/home1/bustudent23/APMA2822B/3dPoissonSolver/mpi_gpu_2kernel'
RPL: profiling '"./task"'
RPL: input file ''
RPL: profiling '"./task"'
RPL: input file ''
RPL: profiling '"./task"'
RPL: input file ''
RPL: profiling '"./task"'
RPL: input file ''
RPL: profiling '"./task"'
RPL: input file ''
RPL: profiling '"./task"'
RPL: input file ''
RPL: profiling '"./task"'
RPL: input file ''
RPL: profiling '"./task"'
RPL: input file ''
RPL: output dir '/tmp/rpl_data_241207_202945_2103499'
RPL: output dir '/tmp/rpl_data_241207_202945_2103500'
RPL: output dir '/tmp/rpl_data_241207_202945_2103503'
RPL: output dir '/tmp/rpl_data_241207_202945_2103501'
RPL: output dir '/tmp/rpl_data_241207_202945_2103498'
RPL: output dir '/tmp/rpl_data_241207_202945_2103504'
RPL: output dir '/tmp/rpl_data_241207_202945_2103502'
RPL: output dir '/tmp/rpl_data_241207_202945_2103505'
RPL: result dir '/tmp/rpl_data_241207_202945_2103503/input_results_241207_202945'
RPL: result dir '/tmp/rpl_data_241207_202945_2103500/input_results_241207_202945'
RPL: result dir '/tmp/rpl_data_241207_202945_2103498/input_results_241207_202945'
RPL: result dir '/tmp/rpl_data_241207_202945_2103499/input_results_241207_202945'
RPL: result dir '/tmp/rpl_data_241207_202945_2103504/input_results_241207_202945'
RPL: result dir '/tmp/rpl_data_241207_202945_2103502/input_results_241207_202945'
RPL: result dir '/tmp/rpl_data_241207_202945_2103505/input_results_241207_202945'
RPL: result dir '/tmp/rpl_data_241207_202945_2103501/input_results_241207_202945'
ROCtracer (2103675):
ROCtracer (2103667):
ROCtracer (2103678):
ROCtracer (2103676):
ROCtracer (2103677):
ROCtracer (2103671):
ROCtracer (2103669):
ROCtracer (2103681):
    HIP-trace(*)
    HIP-trace(*)
    HIP-trace(*)
    HIP-trace(*)
    HIP-trace(*)
    HIP-trace(*)
    HIP-trace(*)
    HIP-trace(*)
[t006-004:2103675:0:2103675] Caught signal 11 (Segmentation fault: address not mapped to object at address 0x7f598c0ed008)
[t006-004:2103677:0:2103677] Caught signal 11 (Segmentation fault: address not mapped to object at address 0x7f20340ed008)
[t006-004:2103669:0:2103669] Caught signal 11 (Segmentation fault: address not mapped to object at address 0x7f94478ed008)
[t006-004:2103678:0:2103678] Caught signal 11 (Segmentation fault: address not mapped to object at address 0x7f1cff8ed008)
[t006-004:2103667:0:2103667] Caught signal 11 (Segmentation fault: address not mapped to object at address 0x7f8d23eed008)
[t006-004:2103676:0:2103676] Caught signal 11 (Segmentation fault: address not mapped to object at address 0x7fe0d3eed008)
[t006-004:2103681:0:2103681] Caught signal 11 (Segmentation fault: address not mapped to object at address 0x7fcc4faed008)
==== backtrace (tid:2103675) ====
 0  /opt/ohpc/pub/mpi/ucx-ohpc/1.14.0/lib/libucs.so.0(ucs_handle_error+0x294) [0x7f5994d25e04]
 1  /opt/ohpc/pub/mpi/ucx-ohpc/1.14.0/lib/libucs.so.0(+0x2cfbf) [0x7f5994d25fbf]
 2  /opt/ohpc/pub/mpi/ucx-ohpc/1.14.0/lib/libucs.so.0(+0x2d286) [0x7f5994d26286]
 3  /lib64/libc.so.6(free+0x1e) [0x7f59a017e92e]
 4  ./task() [0x208785]
 5  /lib64/libc.so.6(+0x3feb0) [0x7f59a010eeb0]
 6  /lib64/libc.so.6(__libc_start_main+0x80) [0x7f59a010ef60]
 7  ./task() [0x2066a5]
=================================
[t006-004:2103675] *** Process received signal ***
[t006-004:2103675] Signal: Segmentation fault (11)
[t006-004:2103675] Signal code:  (-6)
[t006-004:2103675] Failing at address: 0x9c60020197b
==== backtrace (tid:2103667) ====
==== backtrace (tid:2103677) ====
 0  /opt/ohpc/pub/mpi/ucx-ohpc/1.14.0/lib/libucs.so.0(ucs_handle_error+0x294) [0x7f223f0fee04]
 1  /opt/ohpc/pub/mpi/ucx-ohpc/1.14.0/lib/libucs.so.0(+0x2cfbf) [0x7f223f0fefbf]
 2  /opt/ohpc/pub/mpi/ucx-ohpc/1.14.0/lib/libucs.so.0(+0x2d286) [0x7f223f0ff286]
 3  /lib64/libc.so.6(free+0x1e) [0x7f224e55c92e]
 4  ./task() [0x208785]
 5  /lib64/libc.so.6(+0x3feb0) [0x7f224e4eceb0]
 6  /lib64/libc.so.6(__libc_start_main+0x80) [0x7f224e4ecf60]
 7  ./task() [0x2066a5]
=================================
 0  /opt/ohpc/pub/mpi/ucx-ohpc/1.14.0/lib/libucs.so.0(ucs_handle_error+0x294) [0x7f8d3080ae04]
 1  /opt/ohpc/pub/mpi/ucx-ohpc/1.14.0/lib/libucs.so.0(+0x2cfbf) [0x7f8d3080afbf]
 2  /opt/ohpc/pub/mpi/ucx-ohpc/1.14.0/lib/libucs.so.0(+0x2d286) [0x7f8d3080b286]
 3  /lib64/libc.so.6(free+0x1e) [0x7f8d3bc6392e]
 4  ./task() [0x208785]
 5  /lib64/libc.so.6(+0x3feb0) [0x7f8d3bbf3eb0]
 6  /lib64/libc.so.6(__libc_start_main+0x80) [0x7f8d3bbf3f60]
 7  ./task() [0x2066a5]
=================================
==== backtrace (tid:2103669) ====
 0  /opt/ohpc/pub/mpi/ucx-ohpc/1.14.0/lib/libucs.so.0(ucs_handle_error+0x294) [0x7f9755c56e04]
 1  /opt/ohpc/pub/mpi/ucx-ohpc/1.14.0/lib/libucs.so.0(+0x2cfbf) [0x7f9755c56fbf]
 2  /opt/ohpc/pub/mpi/ucx-ohpc/1.14.0/lib/libucs.so.0(+0x2d286) [0x7f9755c57286]
 3  /lib64/libc.so.6(free+0x1e) [0x7f97610af92e]
 4  ./task() [0x208785]
 5  /lib64/libc.so.6(+0x3feb0) [0x7f976103feb0]
 6  /lib64/libc.so.6(__libc_start_main+0x80) [0x7f976103ff60]
 7  ./task() [0x2066a5]
=================================
==== backtrace (tid:2103676) ====
 0  /opt/ohpc/pub/mpi/ucx-ohpc/1.14.0/lib/libucs.so.0(ucs_handle_error+0x294) [0x7fe0e036de04]
 1  /opt/ohpc/pub/mpi/ucx-ohpc/1.14.0/lib/libucs.so.0(+0x2cfbf) [0x7fe0e036dfbf]
 2  /opt/ohpc/pub/mpi/ucx-ohpc/1.14.0/lib/libucs.so.0(+0x2d286) [0x7fe0e036e286]
 3  /lib64/libc.so.6(free+0x1e) [0x7fe0eb7c692e]
 4  ./task() [0x208785]
 5  /lib64/libc.so.6(+0x3feb0) [0x7fe0eb756eb0]
 6  /lib64/libc.so.6(__libc_start_main+0x80) [0x7fe0eb756f60]
 7  ./task() [0x2066a5]
=================================
[t006-004:2103675] [ 0] /lib64/libc.so.6(+0x54d90)[0x7f59a0123d90]
==== backtrace (tid:2103678) ====
 0  /opt/ohpc/pub/mpi/ucx-ohpc/1.14.0/lib/libucs.so.0(ucs_handle_error+0x294) [0x7f200d483e04]
 1  /opt/ohpc/pub/mpi/ucx-ohpc/1.14.0/lib/libucs.so.0(+0x2cfbf) [0x7f200d483fbf]
 2  /opt/ohpc/pub/mpi/ucx-ohpc/1.14.0/lib/libucs.so.0(+0x2d286) [0x7f200d484286]
 3  /lib64/libc.so.6(free+0x1e) [0x7f20188dc92e]
 4  ./task() [0x208785]
 5  /lib64/libc.so.6(+0x3feb0) [0x7f201886ceb0]
 6  /lib64/libc.so.6(__libc_start_main+0x80) [0x7f201886cf60]
 7  ./task() [0x2066a5]
=================================
[t006-004:2103677] *** Process received signal ***
[t006-004:2103677] Signal: Segmentation fault (11)
[t006-004:2103677] Signal code:  (-6)
[t006-004:2103677] Failing at address: 0x9c60020197d
[t006-004:2103669] *** Process received signal ***
[t006-004:2103669] Signal: Segmentation fault (11)
[t006-004:2103669] Signal code:  (-6)
[t006-004:2103669] Failing at address: 0x9c600201975
[t006-004:2103678] *** Process received signal ***
[t006-004:2103678] Signal: Segmentation fault (11)
[t006-004:2103678] Signal code:  (-6)
[t006-004:2103678] Failing at address: 0x9c60020197e
[t006-004:2103667] *** Process received signal ***
[t006-004:2103667] Signal: Segmentation fault (11)
[t006-004:2103667] Signal code:  (-6)
[t006-004:2103667] Failing at address: 0x9c600201973
[t006-004:2103676] *** Process received signal ***
[t006-004:2103676] Signal: Segmentation fault (11)
[t006-004:2103676] Signal code:  (-6)
[t006-004:2103676] Failing at address: 0x9c60020197c
[t006-004:2103675] [ 1] /lib64/libc.so.6(free+0x1e)[0x7f59a017e92e]
[t006-004:2103675] [ 2] ./task[0x208785]
[t006-004:2103678] [ 0] /lib64/libc.so.6(+0x54d90)[0x7f2018881d90]
[t006-004:2103677] [ 0] /lib64/libc.so.6(+0x54d90)[0x7f224e501d90]
[t006-004:2103677] [ 1] /lib64/libc.so.6(free+0x1e)[0x7f224e55c92e]
[t006-004:2103677] [ 2] ./task[0x208785]
[t006-004:2103676] [ 0] /lib64/libc.so.6(+0x54d90)[0x7fe0eb76bd90]
[t006-004:2103675] [ 3] /lib64/libc.so.6(+0x3feb0)[0x7f59a010eeb0]
[t006-004:2103675] [ 4] /lib64/libc.so.6(__libc_start_main+0x80)[0x7f59a010ef60]
[t006-004:2103675] [ 5] ./task[0x2066a5]
[t006-004:2103675] *** End of error message ***
[t006-004:2103669] [ 0] /lib64/libc.so.6(+0x54d90)[0x7f9761054d90]
[t006-004:2103669] [ 1] /lib64/libc.so.6(free+0x1e)[0x7f97610af92e]
[t006-004:2103669] [ 2] ./task[0x208785]
[t006-004:2103667] [ 0] /lib64/libc.so.6(+0x54d90)[0x7f8d3bc08d90]
[t006-004:2103667] [ 1] /lib64/libc.so.6(free+0x1e)[0x7f8d3bc6392e]
[t006-004:2103667] [ 2] ./task[0x208785]
[t006-004:2103667] [ 3] /lib64/libc.so.6(+0x3feb0)[0x7f8d3bbf3eb0]
[t006-004:2103677] [ 3] /lib64/libc.so.6(+0x3feb0)[0x7f224e4eceb0]
[t006-004:2103669] [ 3] /lib64/libc.so.6(+0x3feb0)[0x7f976103feb0]
[t006-004:2103669] [ 4] /lib64/libc.so.6(__libc_start_main+0x80)[0x7f976103ff60]
[t006-004:2103669] [ 5] ./task[0x2066a5]
[t006-004:2103669] *** End of error message ***
[t006-004:2103678] [ 1] /lib64/libc.so.6(free+0x1e)[0x7f20188dc92e]
[t006-004:2103678] [ 2] ./task[0x208785]
[t006-004:2103678] [ 3] /lib64/libc.so.6(+0x3feb0)[0x7f201886ceb0]
[t006-004:2103678] [ 4] /lib64/libc.so.6(__libc_start_main+0x80)[0x7f201886cf60]
[t006-004:2103678] [ 5] ./task[0x2066a5]
[t006-004:2103678] *** End of error message ***
[t006-004:2103667] [ 4] /lib64/libc.so.6(__libc_start_main+0x80)[0x7f8d3bbf3f60]
[t006-004:2103667] [ 5] ./task[0x2066a5]
[t006-004:2103667] *** End of error message ***
[t006-004:2103676] [ 1] /lib64/libc.so.6(free+0x1e)[0x7fe0eb7c692e]
[t006-004:2103676] [ 2] ./task[0x208785]
[t006-004:2103676] [ 3] /lib64/libc.so.6(+0x3feb0)[0x7fe0eb756eb0]
[t006-004:2103676] [ 4] /lib64/libc.so.6(__libc_start_main+0x80)[0x7fe0eb756f60]
[t006-004:2103676] [ 5] ./task[0x2066a5]
[t006-004:2103676] *** End of error message ***
==== backtrace (tid:2103681) ====
 0  /opt/ohpc/pub/mpi/ucx-ohpc/1.14.0/lib/libucs.so.0(ucs_handle_error+0x294) [0x7fce5d9c5e04]
 1  /opt/ohpc/pub/mpi/ucx-ohpc/1.14.0/lib/libucs.so.0(+0x2cfbf) [0x7fce5d9c5fbf]
 2  /opt/ohpc/pub/mpi/ucx-ohpc/1.14.0/lib/libucs.so.0(+0x2d286) [0x7fce5d9c6286]
 3  /lib64/libc.so.6(free+0x1e) [0x7fce68e1e92e]
 4  ./task() [0x208785]
 5  /lib64/libc.so.6(+0x3feb0) [0x7fce68daeeb0]
 6  /lib64/libc.so.6(__libc_start_main+0x80) [0x7fce68daef60]
 7  ./task() [0x2066a5]
=================================
[t006-004:2103681] *** Process received signal ***
[t006-004:2103681] Signal: Segmentation fault (11)
[t006-004:2103681] Signal code:  (-6)
[t006-004:2103681] Failing at address: 0x9c600201981
[t006-004:2103681] [ 0] /lib64/libc.so.6(+0x54d90)[0x7fce68dc3d90]
[t006-004:2103681] [ 1] /lib64/libc.so.6(free+0x1e)[0x7fce68e1e92e]
[t006-004:2103681] [ 2] ./task[0x208785]
[t006-004:2103677] [ 4] /lib64/libc.so.6(__libc_start_main+0x80)[0x7f224e4ecf60]
[t006-004:2103677] [ 5] ./task[0x2066a5]
[t006-004:2103677] *** End of error message ***
[t006-004:2103681] [ 3] /lib64/libc.so.6(+0x3feb0)[0x7fce68daeeb0]
[t006-004:2103681] [ 4] /lib64/libc.so.6(__libc_start_main+0x80)[0x7fce68daef60]
[t006-004:2103681] [ 5] ./task[0x2066a5]
[t006-004:2103681] *** End of error message ***
Computation took 12.312 seconds.
Converged in 20000 iterations.
L2 norm of the error: 0.355236
[t006-004:2103671:0:2103671] Caught signal 11 (Segmentation fault: address not mapped to object at address 0x7f4d5b8ed008)
==== backtrace (tid:2103671) ====
 0  /opt/ohpc/pub/mpi/ucx-ohpc/1.14.0/lib/libucs.so.0(ucs_handle_error+0x294) [0x7f5069880e04]
 1  /opt/ohpc/pub/mpi/ucx-ohpc/1.14.0/lib/libucs.so.0(+0x2cfbf) [0x7f5069880fbf]
 2  /opt/ohpc/pub/mpi/ucx-ohpc/1.14.0/lib/libucs.so.0(+0x2d286) [0x7f5069881286]
 3  /lib64/libc.so.6(free+0x1e) [0x7f5074cd992e]
 4  ./task() [0x208785]
 5  /lib64/libc.so.6(+0x3feb0) [0x7f5074c69eb0]
 6  /lib64/libc.so.6(__libc_start_main+0x80) [0x7f5074c69f60]
 7  ./task() [0x2066a5]
=================================
[t006-004:2103671] *** Process received signal ***
[t006-004:2103671] Signal: Segmentation fault (11)
[t006-004:2103671] Signal code:  (-6)
[t006-004:2103671] Failing at address: 0x9c600201977
[t006-004:2103671] [ 0] /lib64/libc.so.6(+0x54d90)[0x7f5074c7ed90]
[t006-004:2103671] [ 1] /lib64/libc.so.6(free+0x1e)[0x7f5074cd992e]
[t006-004:2103671] [ 2] ./task[0x208785]
[t006-004:2103671] [ 3] /lib64/libc.so.6(+0x3feb0)[0x7f5074c69eb0]
[t006-004:2103671] [ 4] /lib64/libc.so.6(__libc_start_main+0x80)[0x7f5074c69f60]
[t006-004:2103671] [ 5] ./task[0x2066a5]
[t006-004:2103671] *** End of error message ***
/opt/rocm-6.2.1/bin/rocprof: line 347: 2103669 Segmentation fault      (core dumped) "./task"
/opt/rocm-6.2.1/bin/rocprof: line 347: 2103675 Segmentation fault      (core dumped) "./task"
/opt/rocm-6.2.1/bin/rocprof: line 347: 2103667 Segmentation fault      (core dumped) "./task"
/opt/rocm-6.2.1/bin/rocprof: line 347: 2103677 Segmentation fault      (core dumped) "./task"
/opt/rocm-6.2.1/bin/rocprof: line 347: 2103671 Segmentation fault      (core dumped) "./task"
/opt/rocm-6.2.1/bin/rocprof: line 347: 2103681 Segmentation fault      (core dumped) "./task"
/opt/rocm-6.2.1/bin/rocprof: line 347: 2103678 Segmentation fault      (core dumped) "./task"
/opt/rocm-6.2.1/bin/rocprof: line 347: 2103676 Segmentation fault      (core dumped) "./task"
scan ops data 0:138956                                                                                                    Profiling data corrupted: '/tmp/rpl_data_241207_202945_2103500/input_results_241207_202945/'
scan ops data 0:138956                                                                                                    Profiling data corrupted: '/tmp/rpl_data_241207_202945_2103503/input_results_241207_202945/'
Profiling data corrupted: '/tmp/rpl_data_241207_202945_2103505/input_results_241207_202945/'
Profiling data corrupted: '/tmp/rpl_data_241207_202945_2103498/input_results_241207_202945/'
Profiling data corrupted: '/tmp/rpl_data_241207_202945_2103499/input_results_241207_202945/'
Profiling data corrupted: '/tmp/rpl_data_241207_202945_2103501/input_results_241207_202945/'
Profiling data corrupted: '/tmp/rpl_data_241207_202945_2103504/input_results_241207_202945/'
scan ops data 0:138956                                                                                                    Profiling data corrupted: '/tmp/rpl_data_241207_202945_2103502/input_results_241207_202945/'
All Steps completed.
