Traceback (most recent call last):
  File "/opt/rocm-6.2.1/libexec/rocprofiler/tblextr.py", line 1129, in <module>
    hip_trace_found = fill_api_db("HIP", db, indir, "hip", HIP_PID, OPS_PID, [], {}, 1)
  File "/opt/rocm-6.2.1/libexec/rocprofiler/tblextr.py", line 516, in fill_api_db
    table_handle = db.add_table(table_name, api_table_descr)
  File "/opt/rocm-6.2.1/libexec/rocprofiler/sqlitedb.py", line 52, in add_table
    cursor.execute(stm)
sqlite3.OperationalError: table HIP already exists
srun: error: t008-001: task 7: Exited with exit code 1
Traceback (most recent call last):
  File "/opt/rocm-6.2.1/libexec/rocprofiler/tblextr.py", line 1129, in <module>
Traceback (most recent call last):
  File "/opt/rocm-6.2.1/libexec/rocprofiler/tblextr.py", line 1129, in <module>
    hip_trace_found = fill_api_db("HIP", db, indir, "hip", HIP_PID, OPS_PID, [], {}, 1)
  File "/opt/rocm-6.2.1/libexec/rocprofiler/tblextr.py", line 516, in fill_api_db
    table_handle = db.add_table(table_name, api_table_descr)
  File "/opt/rocm-6.2.1/libexec/rocprofiler/sqlitedb.py", line 52, in add_table
    cursor.execute(stm)
    hip_trace_found = fill_api_db("HIP", db, indir, "hip", HIP_PID, OPS_PID, [], {}, 1)
  File "/opt/rocm-6.2.1/libexec/rocprofiler/tblextr.py", line 516, in fill_api_db
sqlite3.OperationalError: database is locked
    table_handle = db.add_table(table_name, api_table_descr)
  File "/opt/rocm-6.2.1/libexec/rocprofiler/sqlitedb.py", line 52, in add_table
    cursor.execute(stm)
sqlite3.OperationalError: database is locked
Traceback (most recent call last):
  File "/opt/rocm-6.2.1/libexec/rocprofiler/tblextr.py", line 1129, in <module>
    hip_trace_found = fill_api_db("HIP", db, indir, "hip", HIP_PID, OPS_PID, [], {}, 1)
  File "/opt/rocm-6.2.1/libexec/rocprofiler/tblextr.py", line 763, in fill_api_db
    db.insert_entry(table_handle, rec_vals)
  File "/opt/rocm-6.2.1/libexec/rocprofiler/sqlitedb.py", line 108, in insert_entry
    cursor.execute(stm, val_list)
sqlite3.OperationalError: database is locked
Traceback (most recent call last):
  File "/opt/rocm-6.2.1/libexec/rocprofiler/tblextr.py", line 1129, in <module>
    hip_trace_found = fill_api_db("HIP", db, indir, "hip", HIP_PID, OPS_PID, [], {}, 1)
  File "/opt/rocm-6.2.1/libexec/rocprofiler/tblextr.py", line 516, in fill_api_db
    table_handle = db.add_table(table_name, api_table_descr)
  File "/opt/rocm-6.2.1/libexec/rocprofiler/sqlitedb.py", line 52, in add_table
    cursor.execute(stm)
sqlite3.OperationalError: database is locked
Traceback (most recent call last):
  File "/opt/rocm-6.2.1/libexec/rocprofiler/tblextr.py", line 1129, in <module>
    hip_trace_found = fill_api_db("HIP", db, indir, "hip", HIP_PID, OPS_PID, [], {}, 1)
  File "/opt/rocm-6.2.1/libexec/rocprofiler/tblextr.py", line 516, in fill_api_db
    table_handle = db.add_table(table_name, api_table_descr)
  File "/opt/rocm-6.2.1/libexec/rocprofiler/sqlitedb.py", line 52, in add_table
    cursor.execute(stm)
sqlite3.OperationalError: database is locked
Traceback (most recent call last):
  File "/opt/rocm-6.2.1/libexec/rocprofiler/tblextr.py", line 1129, in <module>
    hip_trace_found = fill_api_db("HIP", db, indir, "hip", HIP_PID, OPS_PID, [], {}, 1)
  File "/opt/rocm-6.2.1/libexec/rocprofiler/tblextr.py", line 516, in fill_api_db
    table_handle = db.add_table(table_name, api_table_descr)
  File "/opt/rocm-6.2.1/libexec/rocprofiler/sqlitedb.py", line 52, in add_table
    cursor.execute(stm)
sqlite3.OperationalError: database is locked
srun: error: t008-001: tasks 0,2-6: Exited with exit code 1
