[t008-001:495723:0:495723] Caught signal 11 (Segmentation fault: address not mapped to object at address 0x7f8d37eed008)
[t008-001:495724:0:495724] Caught signal 11 (Segmentation fault: address not mapped to object at address 0x7f11cbeed008)
[t008-001:495726:0:495726] Caught signal 11 (Segmentation fault: address not mapped to object at address 0x7fe9a7868008)
[t008-001:495727:0:495727] Caught signal 11 (Segmentation fault: address not mapped to object at address 0x7f41002a2008)
[t008-001:495729:0:495729] Caught signal 11 (Segmentation fault: address not mapped to object at address 0x7f333f8ed008)
==== backtrace (tid: 495723) ====
 0  /opt/ohpc/pub/mpi/ucx-ohpc/1.14.0/lib/libucs.so.0(ucs_handle_error+0x294) [0x7f8d4882de04]
 1  /opt/ohpc/pub/mpi/ucx-ohpc/1.14.0/lib/libucs.so.0(+0x2cfbf) [0x7f8d4882dfbf]
 2  /opt/ohpc/pub/mpi/ucx-ohpc/1.14.0/lib/libucs.so.0(+0x2d286) [0x7f8d4882e286]
 3  /lib64/libc.so.6(free+0x1e) [0x7f8d4acd992e]
 4  /home1/bustudent23/APMA2822B/3dPoissonSolver/mpi/./task() [0x40b474]
 5  /lib64/libc.so.6(+0x3feb0) [0x7f8d4ac69eb0]
 6  /lib64/libc.so.6(__libc_start_main+0x80) [0x7f8d4ac69f60]
 7  /home1/bustudent23/APMA2822B/3dPoissonSolver/mpi/./task() [0x40b695]
=================================
==== backtrace (tid: 495726) ====
 0  /opt/ohpc/pub/mpi/ucx-ohpc/1.14.0/lib/libucs.so.0(ucs_handle_error+0x294) [0x7fecb6654e04]
 1  /opt/ohpc/pub/mpi/ucx-ohpc/1.14.0/lib/libucs.so.0(+0x2cfbf) [0x7fecb6654fbf]
 2  /opt/ohpc/pub/mpi/ucx-ohpc/1.14.0/lib/libucs.so.0(+0x2d286) [0x7fecb6655286]
 3  /lib64/libc.so.6(free+0x1e) [0x7fecb8b0092e]
 4  /home1/bustudent23/APMA2822B/3dPoissonSolver/mpi/./task() [0x40b474]
 5  /lib64/libc.so.6(+0x3feb0) [0x7fecb8a90eb0]
 6  /lib64/libc.so.6(__libc_start_main+0x80) [0x7fecb8a90f60]
 7  /home1/bustudent23/APMA2822B/3dPoissonSolver/mpi/./task() [0x40b695]
=================================
==== backtrace (tid: 495727) ====
 0  /opt/ohpc/pub/mpi/ucx-ohpc/1.14.0/lib/libucs.so.0(ucs_handle_error+0x294) [0x7f4108030e04]
 1  /opt/ohpc/pub/mpi/ucx-ohpc/1.14.0/lib/libucs.so.0(+0x2cfbf) [0x7f4108030fbf]
 2  /opt/ohpc/pub/mpi/ucx-ohpc/1.14.0/lib/libucs.so.0(+0x2d286) [0x7f4108031286]
 3  /lib64/libc.so.6(free+0x1e) [0x7f4109c1492e]
 4  /home1/bustudent23/APMA2822B/3dPoissonSolver/mpi/./task() [0x40b474]
 5  /lib64/libc.so.6(+0x3feb0) [0x7f4109ba4eb0]
 6  /lib64/libc.so.6(__libc_start_main+0x80) [0x7f4109ba4f60]
 7  /home1/bustudent23/APMA2822B/3dPoissonSolver/mpi/./task() [0x40b695]
=================================
==== backtrace (tid: 495729) ====
 0  /opt/ohpc/pub/mpi/ucx-ohpc/1.14.0/lib/libucs.so.0(ucs_handle_error+0x294) [0x7f364db6be04]
 1  /opt/ohpc/pub/mpi/ucx-ohpc/1.14.0/lib/libucs.so.0(+0x2cfbf) [0x7f364db6bfbf]
 2  /opt/ohpc/pub/mpi/ucx-ohpc/1.14.0/lib/libucs.so.0(+0x2d286) [0x7f364db6c286]
 3  /lib64/libc.so.6(free+0x1e) [0x7f365001892e]
 4  /home1/bustudent23/APMA2822B/3dPoissonSolver/mpi/./task() [0x40b474]
 5  /lib64/libc.so.6(+0x3feb0) [0x7f364ffa8eb0]
 6  /lib64/libc.so.6(__libc_start_main+0x80) [0x7f364ffa8f60]
 7  /home1/bustudent23/APMA2822B/3dPoissonSolver/mpi/./task() [0x40b695]
=================================
[t008-001:495723] *** Process received signal ***
[t008-001:495723] Signal: Segmentation fault (11)
[t008-001:495723] Signal code:  (-6)
[t008-001:495723] Failing at address: 0x9c60007906b
==== backtrace (tid: 495724) ====
 0  /opt/ohpc/pub/mpi/ucx-ohpc/1.14.0/lib/libucs.so.0(ucs_handle_error+0x294) [0x7f11d884be04]
 1  /opt/ohpc/pub/mpi/ucx-ohpc/1.14.0/lib/libucs.so.0(+0x2cfbf) [0x7f11d884bfbf]
 2  /opt/ohpc/pub/mpi/ucx-ohpc/1.14.0/lib/libucs.so.0(+0x2d286) [0x7f11d884c286]
 3  /lib64/libc.so.6(free+0x1e) [0x7f11dacf792e]
 4  /home1/bustudent23/APMA2822B/3dPoissonSolver/mpi/./task() [0x40b474]
 5  /lib64/libc.so.6(+0x3feb0) [0x7f11dac87eb0]
 6  /lib64/libc.so.6(__libc_start_main+0x80) [0x7f11dac87f60]
 7  /home1/bustudent23/APMA2822B/3dPoissonSolver/mpi/./task() [0x40b695]
=================================
[t008-001:495724] *** Process received signal ***
[t008-001:495724] Signal: Segmentation fault (11)
[t008-001:495724] Signal code:  (-6)
[t008-001:495724] Failing at address: 0x9c60007906c
[t008-001:495726] *** Process received signal ***
[t008-001:495726] Signal: Segmentation fault (11)
[t008-001:495726] Signal code:  (-6)
[t008-001:495726] Failing at address: 0x9c60007906e
[t008-001:495727] *** Process received signal ***
[t008-001:495727] Signal: Segmentation fault (11)
[t008-001:495727] Signal code:  (-6)
[t008-001:495727] Failing at address: 0x9c60007906f
[t008-001:495729] *** Process received signal ***
[t008-001:495729] Signal: Segmentation fault (11)
[t008-001:495729] Signal code:  (-6)
[t008-001:495729] Failing at address: 0x9c600079071
[t008-001:495723] [ 0] /lib64/libc.so.6(+0x54d90)[0x7f8d4ac7ed90]
[t008-001:495726] [ 0] /lib64/libc.so.6(+0x54d90)[0x7fecb8aa5d90]
[t008-001:495729] [ 0] /lib64/libc.so.6(+0x54d90)[0x7f364ffbdd90]
[t008-001:495724] [ 0] /lib64/libc.so.6(+0x54d90)[0x7f11dac9cd90]
[t008-001:495727] [ 0] /lib64/libc.so.6(+0x54d90)[0x7f4109bb9d90]
[t008-001:495723] [ 1] /lib64/libc.so.6(free+0x1e)[0x7f8d4acd992e]
[t008-001:495723] [ 2] /home1/bustudent23/APMA2822B/3dPoissonSolver/mpi/./task[0x40b474]
[t008-001:495729] [ 1] /lib64/libc.so.6(free+0x1e)[0x7f365001892e]
[t008-001:495729] [ 2] /home1/bustudent23/APMA2822B/3dPoissonSolver/mpi/./task[0x40b474]
[t008-001:495723] [ 3] /lib64/libc.so.6(+0x3feb0)[0x7f8d4ac69eb0]
[t008-001:495723] [ 4] /lib64/libc.so.6(__libc_start_main+0x80)[0x7f8d4ac69f60]
[t008-001:495724] [ 1] /lib64/libc.so.6(free+0x1e)[0x7f11dacf792e]
[t008-001:495724] [ 2] /home1/bustudent23/APMA2822B/3dPoissonSolver/mpi/./task[0x40b474]
[t008-001:495724] [ 3] /lib64/libc.so.6(+0x3feb0)[0x7f11dac87eb0]
[t008-001:495726] [ 1] /lib64/libc.so.6(free+0x1e)[0x7fecb8b0092e]
[t008-001:495726] [ 2] /home1/bustudent23/APMA2822B/3dPoissonSolver/mpi/./task[0x40b474]
[t008-001:495726] [ 3] /lib64/libc.so.6(+0x3feb0)[0x7fecb8a90eb0]
[t008-001:495727] [ 1] /lib64/libc.so.6(free+0x1e)[0x7f4109c1492e]
[t008-001:495727] [ 2] /home1/bustudent23/APMA2822B/3dPoissonSolver/mpi/./task[0x40b474]
[t008-001:495727] [ 3] /lib64/libc.so.6(+0x3feb0)[0x7f4109ba4eb0]
[t008-001:495728:0:495728] Caught signal 11 (Segmentation fault: address not mapped to object at address 0x7f11942e8008)
[t008-001:495729] [ 3] /lib64/libc.so.6(+0x3feb0)[0x7f364ffa8eb0]
[t008-001:495729] [ 4] /lib64/libc.so.6(__libc_start_main+0x80)[0x7f364ffa8f60]
[t008-001:495729] [ 5] /home1/bustudent23/APMA2822B/3dPoissonSolver/mpi/./task[0x40b695]
[t008-001:495729] *** End of error message ***
[t008-001:495723] [ 5] /home1/bustudent23/APMA2822B/3dPoissonSolver/mpi/./task[0x40b695]
[t008-001:495723] *** End of error message ***
[t008-001:495724] [ 4] /lib64/libc.so.6(__libc_start_main+0x80)[0x7f11dac87f60]
[t008-001:495724] [ 5] /home1/bustudent23/APMA2822B/3dPoissonSolver/mpi/./task[0x40b695]
[t008-001:495724] *** End of error message ***
[t008-001:495726] [ 4] /lib64/libc.so.6(__libc_start_main+0x80)[0x7fecb8a90f60]
[t008-001:495726] [ 5] /home1/bustudent23/APMA2822B/3dPoissonSolver/mpi/./task[0x40b695]
[t008-001:495726] *** End of error message ***
[t008-001:495727] [ 4] /lib64/libc.so.6(__libc_start_main+0x80)[0x7f4109ba4f60]
[t008-001:495727] [ 5] /home1/bustudent23/APMA2822B/3dPoissonSolver/mpi/./task[0x40b695]
[t008-001:495727] *** End of error message ***
[t008-001:495725:0:495725] Caught signal 11 (Segmentation fault: address not mapped to object at address 0x7fdedbeed008)
==== backtrace (tid: 495728) ====
 0  /opt/ohpc/pub/mpi/ucx-ohpc/1.14.0/lib/libucs.so.0(ucs_handle_error+0x294) [0x7f119c7e1e04]
 1  /opt/ohpc/pub/mpi/ucx-ohpc/1.14.0/lib/libucs.so.0(+0x2cfbf) [0x7f119c7e1fbf]
 2  /opt/ohpc/pub/mpi/ucx-ohpc/1.14.0/lib/libucs.so.0(+0x2d286) [0x7f119c7e2286]
 3  /lib64/libc.so.6(free+0x1e) [0x7f119ec8d92e]
 4  /home1/bustudent23/APMA2822B/3dPoissonSolver/mpi/./task() [0x40b474]
 5  /lib64/libc.so.6(+0x3feb0) [0x7f119ec1deb0]
 6  /lib64/libc.so.6(__libc_start_main+0x80) [0x7f119ec1df60]
 7  /home1/bustudent23/APMA2822B/3dPoissonSolver/mpi/./task() [0x40b695]
=================================
==== backtrace (tid: 495725) ====
 0  /opt/ohpc/pub/mpi/ucx-ohpc/1.14.0/lib/libucs.so.0(ucs_handle_error+0x294) [0x7fdee908fe04]
 1  /opt/ohpc/pub/mpi/ucx-ohpc/1.14.0/lib/libucs.so.0(+0x2cfbf) [0x7fdee908ffbf]
 2  /opt/ohpc/pub/mpi/ucx-ohpc/1.14.0/lib/libucs.so.0(+0x2d286) [0x7fdee9090286]
 3  /lib64/libc.so.6(free+0x1e) [0x7fdeeb53b92e]
 4  /home1/bustudent23/APMA2822B/3dPoissonSolver/mpi/./task() [0x40b474]
 5  /lib64/libc.so.6(+0x3feb0) [0x7fdeeb4cbeb0]
 6  /lib64/libc.so.6(__libc_start_main+0x80) [0x7fdeeb4cbf60]
 7  /home1/bustudent23/APMA2822B/3dPoissonSolver/mpi/./task() [0x40b695]
=================================
[t008-001:495728] *** Process received signal ***
[t008-001:495728] Signal: Segmentation fault (11)
[t008-001:495728] Signal code:  (-6)
[t008-001:495728] Failing at address: 0x9c600079070
[t008-001:495725] *** Process received signal ***
[t008-001:495725] Signal: Segmentation fault (11)
[t008-001:495725] Signal code:  (-6)
[t008-001:495725] Failing at address: 0x9c60007906d
[t008-001:495728] [ 0] /lib64/libc.so.6(+0x54d90)[0x7f119ec32d90]
[t008-001:495725] [ 0] /lib64/libc.so.6(+0x54d90)[0x7fdeeb4e0d90]
[t008-001:495728] [ 1] /lib64/libc.so.6(free+0x1e)[0x7f119ec8d92e]
[t008-001:495728] [ 2] /home1/bustudent23/APMA2822B/3dPoissonSolver/mpi/./task[0x40b474]
[t008-001:495725] [ 1] /lib64/libc.so.6(free+0x1e)[0x7fdeeb53b92e]
[t008-001:495725] [ 2] /home1/bustudent23/APMA2822B/3dPoissonSolver/mpi/./task[0x40b474]
[t008-001:495728] [ 3] /lib64/libc.so.6(+0x3feb0)[0x7f119ec1deb0]
[t008-001:495725] [ 3] /lib64/libc.so.6(+0x3feb0)[0x7fdeeb4cbeb0]
[t008-001:495728] [ 4] /lib64/libc.so.6(__libc_start_main+0x80)[0x7f119ec1df60]
[t008-001:495728] [ 5] /home1/bustudent23/APMA2822B/3dPoissonSolver/mpi/./task[0x40b695]
[t008-001:495728] *** End of error message ***
[t008-001:495725] [ 4] /lib64/libc.so.6(__libc_start_main+0x80)[0x7fdeeb4cbf60]
[t008-001:495725] [ 5] /home1/bustudent23/APMA2822B/3dPoissonSolver/mpi/./task[0x40b695]
[t008-001:495725] *** End of error message ***
[t008-001:495722:0:495722] Caught signal 11 (Segmentation fault: address not mapped to object at address 0x7fa8fbecd008)
==== backtrace (tid: 495722) ====
 0  /opt/ohpc/pub/mpi/ucx-ohpc/1.14.0/lib/libucs.so.0(ucs_handle_error+0x294) [0x7fa907fb0e04]
 1  /opt/ohpc/pub/mpi/ucx-ohpc/1.14.0/lib/libucs.so.0(+0x2cfbf) [0x7fa907fb0fbf]
 2  /opt/ohpc/pub/mpi/ucx-ohpc/1.14.0/lib/libucs.so.0(+0x2d286) [0x7fa907fb1286]
 3  /lib64/libc.so.6(free+0x1e) [0x7fa90e46792e]
 4  /home1/bustudent23/APMA2822B/3dPoissonSolver/mpi/./task() [0x40b474]
 5  /lib64/libc.so.6(+0x3feb0) [0x7fa90e3f7eb0]
 6  /lib64/libc.so.6(__libc_start_main+0x80) [0x7fa90e3f7f60]
 7  /home1/bustudent23/APMA2822B/3dPoissonSolver/mpi/./task() [0x40b695]
=================================
[t008-001:495722] *** Process received signal ***
[t008-001:495722] Signal: Segmentation fault (11)
[t008-001:495722] Signal code:  (-6)
[t008-001:495722] Failing at address: 0x9c60007906a
[t008-001:495722] [ 0] /lib64/libc.so.6(+0x54d90)[0x7fa90e40cd90]
[t008-001:495722] [ 1] /lib64/libc.so.6(free+0x1e)[0x7fa90e46792e]
[t008-001:495722] [ 2] /home1/bustudent23/APMA2822B/3dPoissonSolver/mpi/./task[0x40b474]
[t008-001:495722] [ 3] /lib64/libc.so.6(+0x3feb0)[0x7fa90e3f7eb0]
[t008-001:495722] [ 4] /lib64/libc.so.6(__libc_start_main+0x80)[0x7fa90e3f7f60]
[t008-001:495722] [ 5] /home1/bustudent23/APMA2822B/3dPoissonSolver/mpi/./task[0x40b695]
[t008-001:495722] *** End of error message ***
srun: error: t008-001: tasks 0-7: Segmentation fault (core dumped)
